Started GET "/" for 127.0.0.1 at 2023-01-27 17:39:57 +0600
  [1m[36mActiveRecord::SchemaMigration Pluck (1.2ms)[0m  [1m[34mSELECT "schema_migrations"."version" FROM "schema_migrations" ORDER BY "schema_migrations"."version" ASC[0m
Processing by UsersController#index as HTML
  [1m[36mUser Load (1.2ms)[0m  [1m[34mSELECT "users".* FROM "users" ORDER BY "users"."id" DESC LIMIT $1[0m  [["LIMIT", 5]]
  ↳ app/controllers/users_controller.rb:8:in `index'
  Rendering layout layouts/application.html.erb
  Rendering users/index.html.erb within layouts/application
  [1m[36mHashtag Load (5.6ms)[0m  [1m[34mSELECT "hashtags".* FROM "hashtags" WHERE "hashtags"."id" IN (SELECT "hashtag_questions"."hashtag_id" FROM "hashtag_questions" GROUP BY "hashtag_questions"."hashtag_id" ORDER BY COUNT(hashtag_id) desc) LIMIT $1[0m  [["LIMIT", 7]]
  ↳ app/views/users/index.html.erb:27
  Rendered users/index.html.erb within layouts/application (Duration: 487.0ms | Allocations: 114279)
  Rendered layout layouts/application.html.erb (Duration: 494.8ms | Allocations: 118723)
Completed 200 OK in 544ms (Views: 490.4ms | ActiveRecord: 17.5ms | Allocations: 135613)


Started GET "/users/3" for 127.0.0.1 at 2023-01-27 17:44:09 +0600
Processing by UsersController#show as HTML
  Parameters: {"id"=>"3"}
  [1m[36mUser Load (0.3ms)[0m  [1m[34mSELECT "users".* FROM "users" WHERE "users"."id" = $1 LIMIT $2[0m  [["id", 3], ["LIMIT", 1]]
  ↳ app/controllers/users_controller.rb:72:in `load_user'
  [1m[36mQuestion Count (2.2ms)[0m  [1m[34mSELECT COUNT(*) FROM "questions" WHERE "questions"."user_id" = $1[0m  [["user_id", 3]]
  ↳ app/controllers/users_controller.rb:52:in `show'
  [1m[36mQuestion Count (0.4ms)[0m  [1m[34mSELECT COUNT(*) FROM "questions" WHERE "questions"."user_id" = $1 AND "questions"."answer" IS NOT NULL[0m  [["user_id", 3]]
  ↳ app/controllers/users_controller.rb:53:in `show'
  Rendering layout layouts/application.html.erb
  Rendering users/show.html.erb within layouts/application
  [1m[36mQuestion Exists? (0.4ms)[0m  [1m[34mSELECT 1 AS one FROM "questions" WHERE "questions"."user_id" = $1 LIMIT $2[0m  [["user_id", 3], ["LIMIT", 1]]
  ↳ app/views/users/show.html.erb:50
  [1m[36mQuestion Load (0.6ms)[0m  [1m[34mSELECT "questions".* FROM "questions" WHERE "questions"."user_id" = $1 ORDER BY "questions"."created_at" DESC LIMIT $2[0m  [["user_id", 3], ["LIMIT", 3]]
  ↳ app/views/users/show.html.erb:52
  [1m[36mHashtag Load (0.4ms)[0m  [1m[34mSELECT "hashtags".* FROM "hashtags" WHERE "hashtags"."name" = $1 LIMIT $2[0m  [["name", "women"], ["LIMIT", 1]]
  ↳ app/helpers/questions_helper.rb:6:in `block in text_with_hashtag_link'
  [1m[36mHashtag Load (0.6ms)[0m  [1m[34mSELECT "hashtags".* FROM "hashtags" INNER JOIN "hashtag_questions" ON "hashtags"."id" = "hashtag_questions"."hashtag_id" WHERE "hashtag_questions"."question_id" = $1[0m  [["question_id", 8]]
  ↳ app/views/questions/_question.html.erb:29
  Rendered questions/_question.html.erb (Duration: 21.2ms | Allocations: 8416)
  Rendered users/show.html.erb within layouts/application (Duration: 35.0ms | Allocations: 12414)
  Rendered layout layouts/application.html.erb (Duration: 41.5ms | Allocations: 16448)
Completed 200 OK in 94ms (Views: 40.1ms | ActiveRecord: 8.8ms | Allocations: 31473)


Started GET "/users/3/questions" for 127.0.0.1 at 2023-01-27 17:44:12 +0600
Processing by UsersController#questions as HTML
  Parameters: {"id"=>"3"}
  [1m[36mUser Load (0.3ms)[0m  [1m[34mSELECT "users".* FROM "users" WHERE "users"."id" = $1 LIMIT $2[0m  [["id", 3], ["LIMIT", 1]]
  ↳ app/controllers/users_controller.rb:72:in `load_user'
  Rendering layout layouts/application.html.erb
  Rendering users/questions.html.erb within layouts/application
  [1m[36mQuestion Load (0.5ms)[0m  [1m[34mSELECT "questions".* FROM "questions" WHERE "questions"."user_id" = $1 ORDER BY "questions"."created_at" DESC[0m  [["user_id", 3]]
  ↳ app/views/users/questions.html.erb:12
  [1m[36mHashtag Load (0.3ms)[0m  [1m[34mSELECT "hashtags".* FROM "hashtags" WHERE "hashtags"."name" = $1 LIMIT $2[0m  [["name", "women"], ["LIMIT", 1]]
  ↳ app/helpers/questions_helper.rb:6:in `block in text_with_hashtag_link'
  [1m[36mHashtag Load (0.5ms)[0m  [1m[34mSELECT "hashtags".* FROM "hashtags" INNER JOIN "hashtag_questions" ON "hashtags"."id" = "hashtag_questions"."hashtag_id" WHERE "hashtag_questions"."question_id" = $1[0m  [["question_id", 8]]
  ↳ app/views/questions/_question.html.erb:29
  Rendered questions/_question.html.erb (Duration: 4.7ms | Allocations: 1682)
  Rendered users/questions.html.erb within layouts/application (Duration: 16.5ms | Allocations: 2964)
  Rendered layout layouts/application.html.erb (Duration: 23.1ms | Allocations: 6884)
Completed 200 OK in 28ms (Views: 22.6ms | ActiveRecord: 1.6ms | Allocations: 7994)


Started GET "/users/3" for 127.0.0.1 at 2023-01-27 17:44:15 +0600
Processing by UsersController#show as HTML
  Parameters: {"id"=>"3"}
  [1m[36mUser Load (0.3ms)[0m  [1m[34mSELECT "users".* FROM "users" WHERE "users"."id" = $1 LIMIT $2[0m  [["id", 3], ["LIMIT", 1]]
  ↳ app/controllers/users_controller.rb:72:in `load_user'
  [1m[36mQuestion Count (0.5ms)[0m  [1m[34mSELECT COUNT(*) FROM "questions" WHERE "questions"."user_id" = $1[0m  [["user_id", 3]]
  ↳ app/controllers/users_controller.rb:52:in `show'
  [1m[36mQuestion Count (0.4ms)[0m  [1m[34mSELECT COUNT(*) FROM "questions" WHERE "questions"."user_id" = $1 AND "questions"."answer" IS NOT NULL[0m  [["user_id", 3]]
  ↳ app/controllers/users_controller.rb:53:in `show'
  Rendering layout layouts/application.html.erb
  Rendering users/show.html.erb within layouts/application
  [1m[36mQuestion Exists? (0.5ms)[0m  [1m[34mSELECT 1 AS one FROM "questions" WHERE "questions"."user_id" = $1 LIMIT $2[0m  [["user_id", 3], ["LIMIT", 1]]
  ↳ app/views/users/show.html.erb:50
  [1m[36mQuestion Load (0.4ms)[0m  [1m[34mSELECT "questions".* FROM "questions" WHERE "questions"."user_id" = $1 ORDER BY "questions"."created_at" DESC LIMIT $2[0m  [["user_id", 3], ["LIMIT", 3]]
  ↳ app/views/users/show.html.erb:52
  [1m[36mHashtag Load (0.3ms)[0m  [1m[34mSELECT "hashtags".* FROM "hashtags" WHERE "hashtags"."name" = $1 LIMIT $2[0m  [["name", "women"], ["LIMIT", 1]]
  ↳ app/helpers/questions_helper.rb:6:in `block in text_with_hashtag_link'
  [1m[36mHashtag Load (0.4ms)[0m  [1m[34mSELECT "hashtags".* FROM "hashtags" INNER JOIN "hashtag_questions" ON "hashtags"."id" = "hashtag_questions"."hashtag_id" WHERE "hashtag_questions"."question_id" = $1[0m  [["question_id", 8]]
  ↳ app/views/questions/_question.html.erb:29
  Rendered questions/_question.html.erb (Duration: 5.7ms | Allocations: 1625)
  Rendered users/show.html.erb within layouts/application (Duration: 13.5ms | Allocations: 3774)
  Rendered layout layouts/application.html.erb (Duration: 21.2ms | Allocations: 7694)
Completed 200 OK in 30ms (Views: 20.7ms | ActiveRecord: 2.7ms | Allocations: 9805)


Started GET "/" for 127.0.0.1 at 2023-01-27 17:44:16 +0600
Processing by UsersController#index as HTML
  [1m[36mUser Load (0.5ms)[0m  [1m[34mSELECT "users".* FROM "users" ORDER BY "users"."id" DESC LIMIT $1[0m  [["LIMIT", 5]]
  ↳ app/controllers/users_controller.rb:8:in `index'
  Rendering layout layouts/application.html.erb
  Rendering users/index.html.erb within layouts/application
  [1m[36mHashtag Load (0.7ms)[0m  [1m[34mSELECT "hashtags".* FROM "hashtags" WHERE "hashtags"."id" IN (SELECT "hashtag_questions"."hashtag_id" FROM "hashtag_questions" GROUP BY "hashtag_questions"."hashtag_id" ORDER BY COUNT(hashtag_id) desc) LIMIT $1[0m  [["LIMIT", 7]]
  ↳ app/views/users/index.html.erb:27
  Rendered users/index.html.erb within layouts/application (Duration: 7.3ms | Allocations: 3857)
  Rendered layout layouts/application.html.erb (Duration: 12.4ms | Allocations: 7640)
Completed 200 OK in 16ms (Views: 12.4ms | ActiveRecord: 1.1ms | Allocations: 8693)


